2022-09-13 00:12:39 - WARN - HikariPool-1 - Thread starvation or clock leap detected (housekeeper delta=12m17s495ms57µs200ns).
2022-09-13 00:14:14 - ERROR -  category does not exist.
2022-09-13 00:14:15 - ERROR -  category does not exist.
2022-09-13 00:14:17 - ERROR -  category does not exist.
2022-09-13 00:14:17 - ERROR -  category does not exist.
2022-09-13 00:14:17 - ERROR -  category does not exist.
2022-09-13 09:46:20 - WARN - HikariPool-1 - Thread starvation or clock leap detected (housekeeper delta=9h21m15s641ms784µs).
2022-09-13 11:34:09 - INFO - HikariPool-1 - Shutdown initiated...
2022-09-13 11:34:09 - INFO - HikariPool-1 - Shutdown completed.
2022-09-13 11:34:16 - INFO - Starting NykaaAppApiApplication using Java 18.0.2 on DELL-66F8DL3 with PID 11980 (D:\project\NykaaApp-API\target\classes started by Administrator in D:\project\NykaaApp-API)
2022-09-13 11:34:16 - INFO - No active profile set, falling back to 1 default profile: "default"
2022-09-13 11:34:18 - INFO - Starting service [Tomcat]
2022-09-13 11:34:18 - INFO - Starting Servlet engine: [Apache Tomcat/9.0.65]
2022-09-13 11:34:18 - INFO - Initializing Spring embedded WebApplicationContext
2022-09-13 11:34:18 - INFO - HHH000204: Processing PersistenceUnitInfo [name: default]
2022-09-13 11:34:18 - INFO - HHH000412: Hibernate ORM core version 5.6.10.Final
2022-09-13 11:34:18 - INFO - HCANN000001: Hibernate Commons Annotations {5.1.2.Final}
2022-09-13 11:34:19 - INFO - HikariPool-1 - Starting...
2022-09-13 11:34:19 - INFO - HikariPool-1 - Start completed.
2022-09-13 11:34:19 - INFO - HHH000400: Using dialect: org.hibernate.dialect.MySQL5InnoDBDialect
2022-09-13 11:34:20 - INFO - HHH000490: Using JtaPlatform implementation: [org.hibernate.engine.transaction.jta.platform.internal.NoJtaPlatform]
2022-09-13 11:34:21 - INFO - Started NykaaAppApiApplication in 5.145 seconds (JVM running for 5.544)
2022-09-13 11:34:29 - INFO - Initializing Spring DispatcherServlet 'dispatcherServlet'
2022-09-13 11:36:25 - ERROR -  category does not exist.
2022-09-13 12:00:41 - INFO - HikariPool-1 - Shutdown initiated...
2022-09-13 12:00:41 - INFO - HikariPool-1 - Shutdown completed.
2022-09-13 12:00:48 - INFO - Starting NykaaAppApiApplication using Java 18.0.2 on DELL-66F8DL3 with PID 11744 (D:\project\NykaaApp-API\target\classes started by Administrator in D:\project\NykaaApp-API)
2022-09-13 12:00:48 - INFO - No active profile set, falling back to 1 default profile: "default"
2022-09-13 12:00:50 - INFO - Starting service [Tomcat]
2022-09-13 12:00:50 - INFO - Starting Servlet engine: [Apache Tomcat/9.0.65]
2022-09-13 12:00:50 - INFO - Initializing Spring embedded WebApplicationContext
2022-09-13 12:00:50 - INFO - HHH000204: Processing PersistenceUnitInfo [name: default]
2022-09-13 12:00:50 - INFO - HHH000412: Hibernate ORM core version 5.6.10.Final
2022-09-13 12:00:50 - INFO - HCANN000001: Hibernate Commons Annotations {5.1.2.Final}
2022-09-13 12:00:50 - INFO - HikariPool-1 - Starting...
2022-09-13 12:00:50 - INFO - HikariPool-1 - Start completed.
2022-09-13 12:00:50 - INFO - HHH000400: Using dialect: org.hibernate.dialect.MySQL5InnoDBDialect
2022-09-13 12:00:51 - INFO - HHH000490: Using JtaPlatform implementation: [org.hibernate.engine.transaction.jta.platform.internal.NoJtaPlatform]
2022-09-13 12:00:52 - INFO - Started NykaaAppApiApplication in 5.492 seconds (JVM running for 5.923)
2022-09-13 12:00:55 - INFO - Initializing Spring DispatcherServlet 'dispatcherServlet'
2022-09-13 13:15:36 - WARN - HikariPool-1 - Thread starvation or clock leap detected (housekeeper delta=15m44s875ms44µs400ns).
2022-09-13 13:37:22 - WARN - HikariPool-1 - Thread starvation or clock leap detected (housekeeper delta=21m45s910ms765µs400ns).
2022-09-13 16:01:32 - INFO - HikariPool-1 - Shutdown initiated...
2022-09-13 16:01:32 - INFO - HikariPool-1 - Shutdown completed.
2022-09-13 16:01:41 - INFO - Starting NykaaAppApiApplication using Java 18.0.2 on DELL-66F8DL3 with PID 11800 (D:\project\NykaaApp-API\target\classes started by Administrator in D:\project\NykaaApp-API)
2022-09-13 16:01:41 - INFO - No active profile set, falling back to 1 default profile: "default"
2022-09-13 16:01:43 - INFO - Starting service [Tomcat]
2022-09-13 16:01:43 - INFO - Starting Servlet engine: [Apache Tomcat/9.0.65]
2022-09-13 16:01:43 - INFO - Initializing Spring embedded WebApplicationContext
2022-09-13 16:01:43 - INFO - HHH000204: Processing PersistenceUnitInfo [name: default]
2022-09-13 16:01:43 - INFO - HHH000412: Hibernate ORM core version 5.6.10.Final
2022-09-13 16:01:43 - INFO - HCANN000001: Hibernate Commons Annotations {5.1.2.Final}
2022-09-13 16:01:43 - INFO - HikariPool-1 - Starting...
2022-09-13 16:01:44 - INFO - HikariPool-1 - Start completed.
2022-09-13 16:01:44 - INFO - HHH000400: Using dialect: org.hibernate.dialect.MySQL5InnoDBDialect
2022-09-13 16:01:44 - ERROR - Failed to initialize JPA EntityManagerFactory: Illegal attempt to map a non collection as a @OneToMany, @ManyToMany or @CollectionOfElements: com.example.NykaaAppAPI.model.NykaaUser.cart
2022-09-13 16:01:44 - INFO - HikariPool-1 - Shutdown initiated...
2022-09-13 16:01:44 - INFO - HikariPool-1 - Shutdown completed.
2022-09-13 16:01:44 - INFO - Stopping service [Tomcat]
2022-09-13 16:01:44 - ERROR - Application run failed
org.springframework.beans.factory.BeanCreationException: Error creating bean with name 'entityManagerFactory' defined in class path resource [org/springframework/boot/autoconfigure/orm/jpa/HibernateJpaConfiguration.class]: Invocation of init method failed; nested exception is org.hibernate.AnnotationException: Illegal attempt to map a non collection as a @OneToMany, @ManyToMany or @CollectionOfElements: com.example.NykaaAppAPI.model.NykaaUser.cart
	at org.springframework.beans.factory.support.AbstractAutowireCapableBeanFactory.initializeBean(AbstractAutowireCapableBeanFactory.java:1804)
	at org.springframework.beans.factory.support.AbstractAutowireCapableBeanFactory.doCreateBean(AbstractAutowireCapableBeanFactory.java:620)
	at org.springframework.beans.factory.support.AbstractAutowireCapableBeanFactory.createBean(AbstractAutowireCapableBeanFactory.java:542)
	at org.springframework.beans.factory.support.AbstractBeanFactory.lambda$doGetBean$0(AbstractBeanFactory.java:335)
	at org.springframework.beans.factory.support.DefaultSingletonBeanRegistry.getSingleton(DefaultSingletonBeanRegistry.java:234)
	at org.springframework.beans.factory.support.AbstractBeanFactory.doGetBean(AbstractBeanFactory.java:333)
	at org.springframework.beans.factory.support.AbstractBeanFactory.getBean(AbstractBeanFactory.java:208)
	at org.springframework.context.support.AbstractApplicationContext.getBean(AbstractApplicationContext.java:1154)
	at org.springframework.context.support.AbstractApplicationContext.finishBeanFactoryInitialization(AbstractApplicationContext.java:908)
	at org.springframework.context.support.AbstractApplicationContext.refresh(AbstractApplicationContext.java:583)
	at org.springframework.boot.web.servlet.context.ServletWebServerApplicationContext.refresh(ServletWebServerApplicationContext.java:147)
	at org.springframework.boot.SpringApplication.refresh(SpringApplication.java:734)
	at org.springframework.boot.SpringApplication.refreshContext(SpringApplication.java:408)
	at org.springframework.boot.SpringApplication.run(SpringApplication.java:308)
	at org.springframework.boot.SpringApplication.run(SpringApplication.java:1306)
	at org.springframework.boot.SpringApplication.run(SpringApplication.java:1295)
	at com.example.NykaaAppAPI.NykaaAppApiApplication.main(NykaaAppApiApplication.java:11)
Caused by: org.hibernate.AnnotationException: Illegal attempt to map a non collection as a @OneToMany, @ManyToMany or @CollectionOfElements: com.example.NykaaAppAPI.model.NykaaUser.cart
	at org.hibernate.cfg.annotations.CollectionBinder.getCollectionBinder(CollectionBinder.java:325)
	at org.hibernate.cfg.AnnotationBinder.processElementAnnotations(AnnotationBinder.java:1977)
	at org.hibernate.cfg.AnnotationBinder.processIdPropertiesIfNotAlready(AnnotationBinder.java:968)
	at org.hibernate.cfg.AnnotationBinder.bindClass(AnnotationBinder.java:793)
	at org.hibernate.boot.model.source.internal.annotations.AnnotationMetadataSourceProcessorImpl.processEntityHierarchies(AnnotationMetadataSourceProcessorImpl.java:225)
	at org.hibernate.boot.model.process.spi.MetadataBuildingProcess$1.processEntityHierarchies(MetadataBuildingProcess.java:239)
	at org.hibernate.boot.model.process.spi.MetadataBuildingProcess.complete(MetadataBuildingProcess.java:282)
	at org.hibernate.jpa.boot.internal.EntityManagerFactoryBuilderImpl.metadata(EntityManagerFactoryBuilderImpl.java:1460)
	at org.hibernate.jpa.boot.internal.EntityManagerFactoryBuilderImpl.build(EntityManagerFactoryBuilderImpl.java:1494)
	at org.springframework.orm.jpa.vendor.SpringHibernateJpaPersistenceProvider.createContainerEntityManagerFactory(SpringHibernateJpaPersistenceProvider.java:58)
	at org.springframework.orm.jpa.LocalContainerEntityManagerFactoryBean.createNativeEntityManagerFactory(LocalContainerEntityManagerFactoryBean.java:365)
	at org.springframework.orm.jpa.AbstractEntityManagerFactoryBean.buildNativeEntityManagerFactory(AbstractEntityManagerFactoryBean.java:409)
	at org.springframework.orm.jpa.AbstractEntityManagerFactoryBean.afterPropertiesSet(AbstractEntityManagerFactoryBean.java:396)
	at org.springframework.orm.jpa.LocalContainerEntityManagerFactoryBean.afterPropertiesSet(LocalContainerEntityManagerFactoryBean.java:341)
	at org.springframework.beans.factory.support.AbstractAutowireCapableBeanFactory.invokeInitMethods(AbstractAutowireCapableBeanFactory.java:1863)
	at org.springframework.beans.factory.support.AbstractAutowireCapableBeanFactory.initializeBean(AbstractAutowireCapableBeanFactory.java:1800)
	... 16 common frames omitted
2022-09-13 17:45:39 - INFO - Starting NykaaAppApiApplication using Java 18.0.2 on DELL-66F8DL3 with PID 14088 (D:\project\NykaaApp-API\target\classes started by Administrator in D:\project\NykaaApp-API)
2022-09-13 17:45:39 - INFO - No active profile set, falling back to 1 default profile: "default"
2022-09-13 17:45:41 - INFO - Starting service [Tomcat]
2022-09-13 17:45:41 - INFO - Starting Servlet engine: [Apache Tomcat/9.0.65]
2022-09-13 17:45:41 - INFO - Initializing Spring embedded WebApplicationContext
2022-09-13 17:45:41 - INFO - HHH000204: Processing PersistenceUnitInfo [name: default]
2022-09-13 17:45:41 - INFO - HHH000412: Hibernate ORM core version 5.6.10.Final
2022-09-13 17:45:41 - INFO - HCANN000001: Hibernate Commons Annotations {5.1.2.Final}
2022-09-13 17:45:41 - INFO - HikariPool-1 - Starting...
2022-09-13 17:45:41 - INFO - HikariPool-1 - Start completed.
2022-09-13 17:45:41 - INFO - HHH000400: Using dialect: org.hibernate.dialect.MySQL5InnoDBDialect
2022-09-13 17:45:42 - ERROR - Failed to initialize JPA EntityManagerFactory: Illegal attempt to map a non collection as a @OneToMany, @ManyToMany or @CollectionOfElements: com.example.NykaaAppAPI.model.NykaaUser.cart
2022-09-13 17:45:42 - INFO - HikariPool-1 - Shutdown initiated...
2022-09-13 17:45:42 - INFO - HikariPool-1 - Shutdown completed.
2022-09-13 17:45:42 - INFO - Stopping service [Tomcat]
2022-09-13 17:45:42 - ERROR - Application run failed
org.springframework.beans.factory.BeanCreationException: Error creating bean with name 'entityManagerFactory' defined in class path resource [org/springframework/boot/autoconfigure/orm/jpa/HibernateJpaConfiguration.class]: Invocation of init method failed; nested exception is org.hibernate.AnnotationException: Illegal attempt to map a non collection as a @OneToMany, @ManyToMany or @CollectionOfElements: com.example.NykaaAppAPI.model.NykaaUser.cart
	at org.springframework.beans.factory.support.AbstractAutowireCapableBeanFactory.initializeBean(AbstractAutowireCapableBeanFactory.java:1804)
	at org.springframework.beans.factory.support.AbstractAutowireCapableBeanFactory.doCreateBean(AbstractAutowireCapableBeanFactory.java:620)
	at org.springframework.beans.factory.support.AbstractAutowireCapableBeanFactory.createBean(AbstractAutowireCapableBeanFactory.java:542)
	at org.springframework.beans.factory.support.AbstractBeanFactory.lambda$doGetBean$0(AbstractBeanFactory.java:335)
	at org.springframework.beans.factory.support.DefaultSingletonBeanRegistry.getSingleton(DefaultSingletonBeanRegistry.java:234)
	at org.springframework.beans.factory.support.AbstractBeanFactory.doGetBean(AbstractBeanFactory.java:333)
	at org.springframework.beans.factory.support.AbstractBeanFactory.getBean(AbstractBeanFactory.java:208)
	at org.springframework.context.support.AbstractApplicationContext.getBean(AbstractApplicationContext.java:1154)
	at org.springframework.context.support.AbstractApplicationContext.finishBeanFactoryInitialization(AbstractApplicationContext.java:908)
	at org.springframework.context.support.AbstractApplicationContext.refresh(AbstractApplicationContext.java:583)
	at org.springframework.boot.web.servlet.context.ServletWebServerApplicationContext.refresh(ServletWebServerApplicationContext.java:147)
	at org.springframework.boot.SpringApplication.refresh(SpringApplication.java:734)
	at org.springframework.boot.SpringApplication.refreshContext(SpringApplication.java:408)
	at org.springframework.boot.SpringApplication.run(SpringApplication.java:308)
	at org.springframework.boot.SpringApplication.run(SpringApplication.java:1306)
	at org.springframework.boot.SpringApplication.run(SpringApplication.java:1295)
	at com.example.NykaaAppAPI.NykaaAppApiApplication.main(NykaaAppApiApplication.java:11)
Caused by: org.hibernate.AnnotationException: Illegal attempt to map a non collection as a @OneToMany, @ManyToMany or @CollectionOfElements: com.example.NykaaAppAPI.model.NykaaUser.cart
	at org.hibernate.cfg.annotations.CollectionBinder.getCollectionBinder(CollectionBinder.java:325)
	at org.hibernate.cfg.AnnotationBinder.processElementAnnotations(AnnotationBinder.java:1977)
	at org.hibernate.cfg.AnnotationBinder.processIdPropertiesIfNotAlready(AnnotationBinder.java:968)
	at org.hibernate.cfg.AnnotationBinder.bindClass(AnnotationBinder.java:793)
	at org.hibernate.boot.model.source.internal.annotations.AnnotationMetadataSourceProcessorImpl.processEntityHierarchies(AnnotationMetadataSourceProcessorImpl.java:225)
	at org.hibernate.boot.model.process.spi.MetadataBuildingProcess$1.processEntityHierarchies(MetadataBuildingProcess.java:239)
	at org.hibernate.boot.model.process.spi.MetadataBuildingProcess.complete(MetadataBuildingProcess.java:282)
	at org.hibernate.jpa.boot.internal.EntityManagerFactoryBuilderImpl.metadata(EntityManagerFactoryBuilderImpl.java:1460)
	at org.hibernate.jpa.boot.internal.EntityManagerFactoryBuilderImpl.build(EntityManagerFactoryBuilderImpl.java:1494)
	at org.springframework.orm.jpa.vendor.SpringHibernateJpaPersistenceProvider.createContainerEntityManagerFactory(SpringHibernateJpaPersistenceProvider.java:58)
	at org.springframework.orm.jpa.LocalContainerEntityManagerFactoryBean.createNativeEntityManagerFactory(LocalContainerEntityManagerFactoryBean.java:365)
	at org.springframework.orm.jpa.AbstractEntityManagerFactoryBean.buildNativeEntityManagerFactory(AbstractEntityManagerFactoryBean.java:409)
	at org.springframework.orm.jpa.AbstractEntityManagerFactoryBean.afterPropertiesSet(AbstractEntityManagerFactoryBean.java:396)
	at org.springframework.orm.jpa.LocalContainerEntityManagerFactoryBean.afterPropertiesSet(LocalContainerEntityManagerFactoryBean.java:341)
	at org.springframework.beans.factory.support.AbstractAutowireCapableBeanFactory.invokeInitMethods(AbstractAutowireCapableBeanFactory.java:1863)
	at org.springframework.beans.factory.support.AbstractAutowireCapableBeanFactory.initializeBean(AbstractAutowireCapableBeanFactory.java:1800)
	... 16 common frames omitted
2022-09-13 18:00:21 - INFO - Starting NykaaAppApiApplication using Java 18.0.2 on DELL-66F8DL3 with PID 1472 (D:\project\NykaaApp-API\target\classes started by Administrator in D:\project\NykaaApp-API)
2022-09-13 18:00:21 - INFO - No active profile set, falling back to 1 default profile: "default"
2022-09-13 18:00:23 - INFO - Starting service [Tomcat]
2022-09-13 18:00:23 - INFO - Starting Servlet engine: [Apache Tomcat/9.0.65]
2022-09-13 18:00:23 - INFO - Initializing Spring embedded WebApplicationContext
2022-09-13 18:00:23 - INFO - HHH000204: Processing PersistenceUnitInfo [name: default]
2022-09-13 18:00:23 - INFO - HHH000412: Hibernate ORM core version 5.6.10.Final
2022-09-13 18:00:23 - INFO - HCANN000001: Hibernate Commons Annotations {5.1.2.Final}
2022-09-13 18:00:23 - INFO - HikariPool-1 - Starting...
2022-09-13 18:00:23 - INFO - HikariPool-1 - Start completed.
2022-09-13 18:00:23 - INFO - HHH000400: Using dialect: org.hibernate.dialect.MySQL5InnoDBDialect
2022-09-13 18:00:24 - ERROR - Failed to initialize JPA EntityManagerFactory: Illegal attempt to map a non collection as a @OneToMany, @ManyToMany or @CollectionOfElements: com.example.NykaaAppAPI.model.NykaaUser.cart
2022-09-13 18:00:24 - INFO - HikariPool-1 - Shutdown initiated...
2022-09-13 18:00:24 - INFO - HikariPool-1 - Shutdown completed.
2022-09-13 18:00:24 - INFO - Stopping service [Tomcat]
2022-09-13 18:00:24 - ERROR - Application run failed
org.springframework.beans.factory.BeanCreationException: Error creating bean with name 'entityManagerFactory' defined in class path resource [org/springframework/boot/autoconfigure/orm/jpa/HibernateJpaConfiguration.class]: Invocation of init method failed; nested exception is org.hibernate.AnnotationException: Illegal attempt to map a non collection as a @OneToMany, @ManyToMany or @CollectionOfElements: com.example.NykaaAppAPI.model.NykaaUser.cart
	at org.springframework.beans.factory.support.AbstractAutowireCapableBeanFactory.initializeBean(AbstractAutowireCapableBeanFactory.java:1804)
	at org.springframework.beans.factory.support.AbstractAutowireCapableBeanFactory.doCreateBean(AbstractAutowireCapableBeanFactory.java:620)
	at org.springframework.beans.factory.support.AbstractAutowireCapableBeanFactory.createBean(AbstractAutowireCapableBeanFactory.java:542)
	at org.springframework.beans.factory.support.AbstractBeanFactory.lambda$doGetBean$0(AbstractBeanFactory.java:335)
	at org.springframework.beans.factory.support.DefaultSingletonBeanRegistry.getSingleton(DefaultSingletonBeanRegistry.java:234)
	at org.springframework.beans.factory.support.AbstractBeanFactory.doGetBean(AbstractBeanFactory.java:333)
	at org.springframework.beans.factory.support.AbstractBeanFactory.getBean(AbstractBeanFactory.java:208)
	at org.springframework.context.support.AbstractApplicationContext.getBean(AbstractApplicationContext.java:1154)
	at org.springframework.context.support.AbstractApplicationContext.finishBeanFactoryInitialization(AbstractApplicationContext.java:908)
	at org.springframework.context.support.AbstractApplicationContext.refresh(AbstractApplicationContext.java:583)
	at org.springframework.boot.web.servlet.context.ServletWebServerApplicationContext.refresh(ServletWebServerApplicationContext.java:147)
	at org.springframework.boot.SpringApplication.refresh(SpringApplication.java:734)
	at org.springframework.boot.SpringApplication.refreshContext(SpringApplication.java:408)
	at org.springframework.boot.SpringApplication.run(SpringApplication.java:308)
	at org.springframework.boot.SpringApplication.run(SpringApplication.java:1306)
	at org.springframework.boot.SpringApplication.run(SpringApplication.java:1295)
	at com.example.NykaaAppAPI.NykaaAppApiApplication.main(NykaaAppApiApplication.java:11)
Caused by: org.hibernate.AnnotationException: Illegal attempt to map a non collection as a @OneToMany, @ManyToMany or @CollectionOfElements: com.example.NykaaAppAPI.model.NykaaUser.cart
	at org.hibernate.cfg.annotations.CollectionBinder.getCollectionBinder(CollectionBinder.java:325)
	at org.hibernate.cfg.AnnotationBinder.processElementAnnotations(AnnotationBinder.java:1977)
	at org.hibernate.cfg.AnnotationBinder.processIdPropertiesIfNotAlready(AnnotationBinder.java:968)
	at org.hibernate.cfg.AnnotationBinder.bindClass(AnnotationBinder.java:793)
	at org.hibernate.boot.model.source.internal.annotations.AnnotationMetadataSourceProcessorImpl.processEntityHierarchies(AnnotationMetadataSourceProcessorImpl.java:225)
	at org.hibernate.boot.model.process.spi.MetadataBuildingProcess$1.processEntityHierarchies(MetadataBuildingProcess.java:239)
	at org.hibernate.boot.model.process.spi.MetadataBuildingProcess.complete(MetadataBuildingProcess.java:282)
	at org.hibernate.jpa.boot.internal.EntityManagerFactoryBuilderImpl.metadata(EntityManagerFactoryBuilderImpl.java:1460)
	at org.hibernate.jpa.boot.internal.EntityManagerFactoryBuilderImpl.build(EntityManagerFactoryBuilderImpl.java:1494)
	at org.springframework.orm.jpa.vendor.SpringHibernateJpaPersistenceProvider.createContainerEntityManagerFactory(SpringHibernateJpaPersistenceProvider.java:58)
	at org.springframework.orm.jpa.LocalContainerEntityManagerFactoryBean.createNativeEntityManagerFactory(LocalContainerEntityManagerFactoryBean.java:365)
	at org.springframework.orm.jpa.AbstractEntityManagerFactoryBean.buildNativeEntityManagerFactory(AbstractEntityManagerFactoryBean.java:409)
	at org.springframework.orm.jpa.AbstractEntityManagerFactoryBean.afterPropertiesSet(AbstractEntityManagerFactoryBean.java:396)
	at org.springframework.orm.jpa.LocalContainerEntityManagerFactoryBean.afterPropertiesSet(LocalContainerEntityManagerFactoryBean.java:341)
	at org.springframework.beans.factory.support.AbstractAutowireCapableBeanFactory.invokeInitMethods(AbstractAutowireCapableBeanFactory.java:1863)
	at org.springframework.beans.factory.support.AbstractAutowireCapableBeanFactory.initializeBean(AbstractAutowireCapableBeanFactory.java:1800)
	... 16 common frames omitted
2022-09-13 18:29:58 - INFO - Starting NykaaAppApiApplication using Java 18.0.2 on DELL-66F8DL3 with PID 7436 (D:\project\NykaaApp-API\target\classes started by Administrator in D:\project\NykaaApp-API)
2022-09-13 18:29:58 - INFO - No active profile set, falling back to 1 default profile: "default"
2022-09-13 18:30:00 - INFO - Starting service [Tomcat]
2022-09-13 18:30:00 - INFO - Starting Servlet engine: [Apache Tomcat/9.0.65]
2022-09-13 18:30:01 - INFO - Initializing Spring embedded WebApplicationContext
2022-09-13 18:30:01 - INFO - HHH000204: Processing PersistenceUnitInfo [name: default]
2022-09-13 18:30:01 - INFO - HHH000412: Hibernate ORM core version 5.6.10.Final
2022-09-13 18:30:01 - INFO - HCANN000001: Hibernate Commons Annotations {5.1.2.Final}
2022-09-13 18:30:01 - INFO - HikariPool-1 - Starting...
2022-09-13 18:30:01 - INFO - HikariPool-1 - Start completed.
2022-09-13 18:30:01 - INFO - HHH000400: Using dialect: org.hibernate.dialect.MySQL5InnoDBDialect
2022-09-13 18:30:01 - ERROR - Failed to initialize JPA EntityManagerFactory: Illegal attempt to map a non collection as a @OneToMany, @ManyToMany or @CollectionOfElements: com.example.NykaaAppAPI.model.NykaaUser.cart
2022-09-13 18:30:01 - INFO - HikariPool-1 - Shutdown initiated...
2022-09-13 18:30:01 - INFO - HikariPool-1 - Shutdown completed.
2022-09-13 18:30:01 - INFO - Stopping service [Tomcat]
2022-09-13 18:30:01 - ERROR - Application run failed
org.springframework.beans.factory.BeanCreationException: Error creating bean with name 'entityManagerFactory' defined in class path resource [org/springframework/boot/autoconfigure/orm/jpa/HibernateJpaConfiguration.class]: Invocation of init method failed; nested exception is org.hibernate.AnnotationException: Illegal attempt to map a non collection as a @OneToMany, @ManyToMany or @CollectionOfElements: com.example.NykaaAppAPI.model.NykaaUser.cart
	at org.springframework.beans.factory.support.AbstractAutowireCapableBeanFactory.initializeBean(AbstractAutowireCapableBeanFactory.java:1804)
	at org.springframework.beans.factory.support.AbstractAutowireCapableBeanFactory.doCreateBean(AbstractAutowireCapableBeanFactory.java:620)
	at org.springframework.beans.factory.support.AbstractAutowireCapableBeanFactory.createBean(AbstractAutowireCapableBeanFactory.java:542)
	at org.springframework.beans.factory.support.AbstractBeanFactory.lambda$doGetBean$0(AbstractBeanFactory.java:335)
	at org.springframework.beans.factory.support.DefaultSingletonBeanRegistry.getSingleton(DefaultSingletonBeanRegistry.java:234)
	at org.springframework.beans.factory.support.AbstractBeanFactory.doGetBean(AbstractBeanFactory.java:333)
	at org.springframework.beans.factory.support.AbstractBeanFactory.getBean(AbstractBeanFactory.java:208)
	at org.springframework.context.support.AbstractApplicationContext.getBean(AbstractApplicationContext.java:1154)
	at org.springframework.context.support.AbstractApplicationContext.finishBeanFactoryInitialization(AbstractApplicationContext.java:908)
	at org.springframework.context.support.AbstractApplicationContext.refresh(AbstractApplicationContext.java:583)
	at org.springframework.boot.web.servlet.context.ServletWebServerApplicationContext.refresh(ServletWebServerApplicationContext.java:147)
	at org.springframework.boot.SpringApplication.refresh(SpringApplication.java:734)
	at org.springframework.boot.SpringApplication.refreshContext(SpringApplication.java:408)
	at org.springframework.boot.SpringApplication.run(SpringApplication.java:308)
	at org.springframework.boot.SpringApplication.run(SpringApplication.java:1306)
	at org.springframework.boot.SpringApplication.run(SpringApplication.java:1295)
	at com.example.NykaaAppAPI.NykaaAppApiApplication.main(NykaaAppApiApplication.java:11)
Caused by: org.hibernate.AnnotationException: Illegal attempt to map a non collection as a @OneToMany, @ManyToMany or @CollectionOfElements: com.example.NykaaAppAPI.model.NykaaUser.cart
	at org.hibernate.cfg.annotations.CollectionBinder.getCollectionBinder(CollectionBinder.java:325)
	at org.hibernate.cfg.AnnotationBinder.processElementAnnotations(AnnotationBinder.java:1977)
	at org.hibernate.cfg.AnnotationBinder.processIdPropertiesIfNotAlready(AnnotationBinder.java:968)
	at org.hibernate.cfg.AnnotationBinder.bindClass(AnnotationBinder.java:793)
	at org.hibernate.boot.model.source.internal.annotations.AnnotationMetadataSourceProcessorImpl.processEntityHierarchies(AnnotationMetadataSourceProcessorImpl.java:225)
	at org.hibernate.boot.model.process.spi.MetadataBuildingProcess$1.processEntityHierarchies(MetadataBuildingProcess.java:239)
	at org.hibernate.boot.model.process.spi.MetadataBuildingProcess.complete(MetadataBuildingProcess.java:282)
	at org.hibernate.jpa.boot.internal.EntityManagerFactoryBuilderImpl.metadata(EntityManagerFactoryBuilderImpl.java:1460)
	at org.hibernate.jpa.boot.internal.EntityManagerFactoryBuilderImpl.build(EntityManagerFactoryBuilderImpl.java:1494)
	at org.springframework.orm.jpa.vendor.SpringHibernateJpaPersistenceProvider.createContainerEntityManagerFactory(SpringHibernateJpaPersistenceProvider.java:58)
	at org.springframework.orm.jpa.LocalContainerEntityManagerFactoryBean.createNativeEntityManagerFactory(LocalContainerEntityManagerFactoryBean.java:365)
	at org.springframework.orm.jpa.AbstractEntityManagerFactoryBean.buildNativeEntityManagerFactory(AbstractEntityManagerFactoryBean.java:409)
	at org.springframework.orm.jpa.AbstractEntityManagerFactoryBean.afterPropertiesSet(AbstractEntityManagerFactoryBean.java:396)
	at org.springframework.orm.jpa.LocalContainerEntityManagerFactoryBean.afterPropertiesSet(LocalContainerEntityManagerFactoryBean.java:341)
	at org.springframework.beans.factory.support.AbstractAutowireCapableBeanFactory.invokeInitMethods(AbstractAutowireCapableBeanFactory.java:1863)
	at org.springframework.beans.factory.support.AbstractAutowireCapableBeanFactory.initializeBean(AbstractAutowireCapableBeanFactory.java:1800)
	... 16 common frames omitted
2022-09-13 18:48:55 - INFO - Starting NykaaAppApiApplication using Java 18.0.2 on DELL-66F8DL3 with PID 14784 (D:\project\NykaaApp-API\target\classes started by Administrator in D:\project\NykaaApp-API)
2022-09-13 18:48:56 - INFO - No active profile set, falling back to 1 default profile: "default"
2022-09-13 18:48:57 - INFO - Starting service [Tomcat]
2022-09-13 18:48:57 - INFO - Starting Servlet engine: [Apache Tomcat/9.0.65]
2022-09-13 18:48:57 - INFO - Initializing Spring embedded WebApplicationContext
2022-09-13 18:48:57 - INFO - HHH000204: Processing PersistenceUnitInfo [name: default]
2022-09-13 18:48:58 - INFO - HHH000412: Hibernate ORM core version 5.6.10.Final
2022-09-13 18:48:58 - INFO - HCANN000001: Hibernate Commons Annotations {5.1.2.Final}
2022-09-13 18:48:58 - INFO - HikariPool-1 - Starting...
2022-09-13 18:48:58 - INFO - HikariPool-1 - Start completed.
2022-09-13 18:48:58 - INFO - HHH000400: Using dialect: org.hibernate.dialect.MySQL5InnoDBDialect
2022-09-13 18:48:58 - ERROR - Failed to initialize JPA EntityManagerFactory: Illegal attempt to map a non collection as a @OneToMany, @ManyToMany or @CollectionOfElements: com.example.NykaaAppAPI.model.NykaaUser.cart
2022-09-13 18:48:58 - INFO - HikariPool-1 - Shutdown initiated...
2022-09-13 18:48:58 - INFO - HikariPool-1 - Shutdown completed.
2022-09-13 18:48:58 - INFO - Stopping service [Tomcat]
2022-09-13 18:48:58 - ERROR - Application run failed
org.springframework.beans.factory.BeanCreationException: Error creating bean with name 'entityManagerFactory' defined in class path resource [org/springframework/boot/autoconfigure/orm/jpa/HibernateJpaConfiguration.class]: Invocation of init method failed; nested exception is org.hibernate.AnnotationException: Illegal attempt to map a non collection as a @OneToMany, @ManyToMany or @CollectionOfElements: com.example.NykaaAppAPI.model.NykaaUser.cart
	at org.springframework.beans.factory.support.AbstractAutowireCapableBeanFactory.initializeBean(AbstractAutowireCapableBeanFactory.java:1804)
	at org.springframework.beans.factory.support.AbstractAutowireCapableBeanFactory.doCreateBean(AbstractAutowireCapableBeanFactory.java:620)
	at org.springframework.beans.factory.support.AbstractAutowireCapableBeanFactory.createBean(AbstractAutowireCapableBeanFactory.java:542)
	at org.springframework.beans.factory.support.AbstractBeanFactory.lambda$doGetBean$0(AbstractBeanFactory.java:335)
	at org.springframework.beans.factory.support.DefaultSingletonBeanRegistry.getSingleton(DefaultSingletonBeanRegistry.java:234)
	at org.springframework.beans.factory.support.AbstractBeanFactory.doGetBean(AbstractBeanFactory.java:333)
	at org.springframework.beans.factory.support.AbstractBeanFactory.getBean(AbstractBeanFactory.java:208)
	at org.springframework.context.support.AbstractApplicationContext.getBean(AbstractApplicationContext.java:1154)
	at org.springframework.context.support.AbstractApplicationContext.finishBeanFactoryInitialization(AbstractApplicationContext.java:908)
	at org.springframework.context.support.AbstractApplicationContext.refresh(AbstractApplicationContext.java:583)
	at org.springframework.boot.web.servlet.context.ServletWebServerApplicationContext.refresh(ServletWebServerApplicationContext.java:147)
	at org.springframework.boot.SpringApplication.refresh(SpringApplication.java:734)
	at org.springframework.boot.SpringApplication.refreshContext(SpringApplication.java:408)
	at org.springframework.boot.SpringApplication.run(SpringApplication.java:308)
	at org.springframework.boot.SpringApplication.run(SpringApplication.java:1306)
	at org.springframework.boot.SpringApplication.run(SpringApplication.java:1295)
	at com.example.NykaaAppAPI.NykaaAppApiApplication.main(NykaaAppApiApplication.java:11)
Caused by: org.hibernate.AnnotationException: Illegal attempt to map a non collection as a @OneToMany, @ManyToMany or @CollectionOfElements: com.example.NykaaAppAPI.model.NykaaUser.cart
	at org.hibernate.cfg.annotations.CollectionBinder.getCollectionBinder(CollectionBinder.java:325)
	at org.hibernate.cfg.AnnotationBinder.processElementAnnotations(AnnotationBinder.java:1977)
	at org.hibernate.cfg.AnnotationBinder.processIdPropertiesIfNotAlready(AnnotationBinder.java:968)
	at org.hibernate.cfg.AnnotationBinder.bindClass(AnnotationBinder.java:793)
	at org.hibernate.boot.model.source.internal.annotations.AnnotationMetadataSourceProcessorImpl.processEntityHierarchies(AnnotationMetadataSourceProcessorImpl.java:225)
	at org.hibernate.boot.model.process.spi.MetadataBuildingProcess$1.processEntityHierarchies(MetadataBuildingProcess.java:239)
	at org.hibernate.boot.model.process.spi.MetadataBuildingProcess.complete(MetadataBuildingProcess.java:282)
	at org.hibernate.jpa.boot.internal.EntityManagerFactoryBuilderImpl.metadata(EntityManagerFactoryBuilderImpl.java:1460)
	at org.hibernate.jpa.boot.internal.EntityManagerFactoryBuilderImpl.build(EntityManagerFactoryBuilderImpl.java:1494)
	at org.springframework.orm.jpa.vendor.SpringHibernateJpaPersistenceProvider.createContainerEntityManagerFactory(SpringHibernateJpaPersistenceProvider.java:58)
	at org.springframework.orm.jpa.LocalContainerEntityManagerFactoryBean.createNativeEntityManagerFactory(LocalContainerEntityManagerFactoryBean.java:365)
	at org.springframework.orm.jpa.AbstractEntityManagerFactoryBean.buildNativeEntityManagerFactory(AbstractEntityManagerFactoryBean.java:409)
	at org.springframework.orm.jpa.AbstractEntityManagerFactoryBean.afterPropertiesSet(AbstractEntityManagerFactoryBean.java:396)
	at org.springframework.orm.jpa.LocalContainerEntityManagerFactoryBean.afterPropertiesSet(LocalContainerEntityManagerFactoryBean.java:341)
	at org.springframework.beans.factory.support.AbstractAutowireCapableBeanFactory.invokeInitMethods(AbstractAutowireCapableBeanFactory.java:1863)
	at org.springframework.beans.factory.support.AbstractAutowireCapableBeanFactory.initializeBean(AbstractAutowireCapableBeanFactory.java:1800)
	... 16 common frames omitted
2022-09-13 19:04:04 - INFO - Starting NykaaAppApiApplication using Java 18.0.2 on DELL-66F8DL3 with PID 17336 (D:\project\NykaaApp-API\target\classes started by Administrator in D:\project\NykaaApp-API)
2022-09-13 19:04:04 - INFO - No active profile set, falling back to 1 default profile: "default"
2022-09-13 19:04:05 - INFO - Starting service [Tomcat]
2022-09-13 19:04:05 - INFO - Starting Servlet engine: [Apache Tomcat/9.0.65]
2022-09-13 19:04:05 - INFO - Initializing Spring embedded WebApplicationContext
2022-09-13 19:04:06 - INFO - HHH000204: Processing PersistenceUnitInfo [name: default]
2022-09-13 19:04:06 - INFO - HHH000412: Hibernate ORM core version 5.6.10.Final
2022-09-13 19:04:06 - INFO - HCANN000001: Hibernate Commons Annotations {5.1.2.Final}
2022-09-13 19:04:06 - INFO - HikariPool-1 - Starting...
2022-09-13 19:04:06 - INFO - HikariPool-1 - Start completed.
2022-09-13 19:04:06 - INFO - HHH000400: Using dialect: org.hibernate.dialect.MySQL5InnoDBDialect
2022-09-13 19:04:06 - ERROR - Failed to initialize JPA EntityManagerFactory: mappedBy reference an unknown target entity property: com.example.NykaaAppAPI.model.Cart.product in com.example.NykaaAppAPI.model.Product.carts
2022-09-13 19:04:06 - INFO - HikariPool-1 - Shutdown initiated...
2022-09-13 19:04:06 - INFO - HikariPool-1 - Shutdown completed.
2022-09-13 19:04:06 - INFO - Stopping service [Tomcat]
2022-09-13 19:04:06 - ERROR - Application run failed
org.springframework.beans.factory.BeanCreationException: Error creating bean with name 'entityManagerFactory' defined in class path resource [org/springframework/boot/autoconfigure/orm/jpa/HibernateJpaConfiguration.class]: Invocation of init method failed; nested exception is org.hibernate.AnnotationException: mappedBy reference an unknown target entity property: com.example.NykaaAppAPI.model.Cart.product in com.example.NykaaAppAPI.model.Product.carts
	at org.springframework.beans.factory.support.AbstractAutowireCapableBeanFactory.initializeBean(AbstractAutowireCapableBeanFactory.java:1804)
	at org.springframework.beans.factory.support.AbstractAutowireCapableBeanFactory.doCreateBean(AbstractAutowireCapableBeanFactory.java:620)
	at org.springframework.beans.factory.support.AbstractAutowireCapableBeanFactory.createBean(AbstractAutowireCapableBeanFactory.java:542)
	at org.springframework.beans.factory.support.AbstractBeanFactory.lambda$doGetBean$0(AbstractBeanFactory.java:335)
	at org.springframework.beans.factory.support.DefaultSingletonBeanRegistry.getSingleton(DefaultSingletonBeanRegistry.java:234)
	at org.springframework.beans.factory.support.AbstractBeanFactory.doGetBean(AbstractBeanFactory.java:333)
	at org.springframework.beans.factory.support.AbstractBeanFactory.getBean(AbstractBeanFactory.java:208)
	at org.springframework.context.support.AbstractApplicationContext.getBean(AbstractApplicationContext.java:1154)
	at org.springframework.context.support.AbstractApplicationContext.finishBeanFactoryInitialization(AbstractApplicationContext.java:908)
	at org.springframework.context.support.AbstractApplicationContext.refresh(AbstractApplicationContext.java:583)
	at org.springframework.boot.web.servlet.context.ServletWebServerApplicationContext.refresh(ServletWebServerApplicationContext.java:147)
	at org.springframework.boot.SpringApplication.refresh(SpringApplication.java:734)
	at org.springframework.boot.SpringApplication.refreshContext(SpringApplication.java:408)
	at org.springframework.boot.SpringApplication.run(SpringApplication.java:308)
	at org.springframework.boot.SpringApplication.run(SpringApplication.java:1306)
	at org.springframework.boot.SpringApplication.run(SpringApplication.java:1295)
	at com.example.NykaaAppAPI.NykaaAppApiApplication.main(NykaaAppApiApplication.java:11)
Caused by: org.hibernate.AnnotationException: mappedBy reference an unknown target entity property: com.example.NykaaAppAPI.model.Cart.product in com.example.NykaaAppAPI.model.Product.carts
	at org.hibernate.cfg.annotations.CollectionBinder.bindStarToManySecondPass(CollectionBinder.java:875)
	at org.hibernate.cfg.annotations.CollectionBinder$1.secondPass(CollectionBinder.java:826)
	at org.hibernate.cfg.CollectionSecondPass.doSecondPass(CollectionSecondPass.java:54)
	at org.hibernate.boot.internal.InFlightMetadataCollectorImpl.processSecondPasses(InFlightMetadataCollectorImpl.java:1653)
	at org.hibernate.boot.internal.InFlightMetadataCollectorImpl.processSecondPasses(InFlightMetadataCollectorImpl.java:1629)
	at org.hibernate.boot.model.process.spi.MetadataBuildingProcess.complete(MetadataBuildingProcess.java:295)
	at org.hibernate.jpa.boot.internal.EntityManagerFactoryBuilderImpl.metadata(EntityManagerFactoryBuilderImpl.java:1460)
	at org.hibernate.jpa.boot.internal.EntityManagerFactoryBuilderImpl.build(EntityManagerFactoryBuilderImpl.java:1494)
	at org.springframework.orm.jpa.vendor.SpringHibernateJpaPersistenceProvider.createContainerEntityManagerFactory(SpringHibernateJpaPersistenceProvider.java:58)
	at org.springframework.orm.jpa.LocalContainerEntityManagerFactoryBean.createNativeEntityManagerFactory(LocalContainerEntityManagerFactoryBean.java:365)
	at org.springframework.orm.jpa.AbstractEntityManagerFactoryBean.buildNativeEntityManagerFactory(AbstractEntityManagerFactoryBean.java:409)
	at org.springframework.orm.jpa.AbstractEntityManagerFactoryBean.afterPropertiesSet(AbstractEntityManagerFactoryBean.java:396)
	at org.springframework.orm.jpa.LocalContainerEntityManagerFactoryBean.afterPropertiesSet(LocalContainerEntityManagerFactoryBean.java:341)
	at org.springframework.beans.factory.support.AbstractAutowireCapableBeanFactory.invokeInitMethods(AbstractAutowireCapableBeanFactory.java:1863)
	at org.springframework.beans.factory.support.AbstractAutowireCapableBeanFactory.initializeBean(AbstractAutowireCapableBeanFactory.java:1800)
	... 16 common frames omitted
2022-09-13 19:10:08 - INFO - Starting NykaaAppApiApplication using Java 18.0.2 on DELL-66F8DL3 with PID 10996 (D:\project\NykaaApp-API\target\classes started by Administrator in D:\project\NykaaApp-API)
2022-09-13 19:10:08 - INFO - No active profile set, falling back to 1 default profile: "default"
2022-09-13 19:10:09 - INFO - Starting service [Tomcat]
2022-09-13 19:10:09 - INFO - Starting Servlet engine: [Apache Tomcat/9.0.65]
2022-09-13 19:10:09 - INFO - Initializing Spring embedded WebApplicationContext
2022-09-13 19:10:09 - INFO - HHH000204: Processing PersistenceUnitInfo [name: default]
2022-09-13 19:10:09 - INFO - HHH000412: Hibernate ORM core version 5.6.10.Final
2022-09-13 19:10:09 - INFO - HCANN000001: Hibernate Commons Annotations {5.1.2.Final}
2022-09-13 19:10:09 - INFO - HikariPool-1 - Starting...
2022-09-13 19:10:10 - INFO - HikariPool-1 - Start completed.
2022-09-13 19:10:10 - INFO - HHH000400: Using dialect: org.hibernate.dialect.MySQL5InnoDBDialect
2022-09-13 19:10:10 - ERROR - Failed to initialize JPA EntityManagerFactory: mappedBy reference an unknown target entity property: com.example.NykaaAppAPI.model.Cart.product in com.example.NykaaAppAPI.model.Product.carts
2022-09-13 19:10:10 - INFO - HikariPool-1 - Shutdown initiated...
2022-09-13 19:10:10 - INFO - HikariPool-1 - Shutdown completed.
2022-09-13 19:10:10 - INFO - Stopping service [Tomcat]
2022-09-13 19:10:10 - ERROR - Application run failed
org.springframework.beans.factory.BeanCreationException: Error creating bean with name 'entityManagerFactory' defined in class path resource [org/springframework/boot/autoconfigure/orm/jpa/HibernateJpaConfiguration.class]: Invocation of init method failed; nested exception is org.hibernate.AnnotationException: mappedBy reference an unknown target entity property: com.example.NykaaAppAPI.model.Cart.product in com.example.NykaaAppAPI.model.Product.carts
	at org.springframework.beans.factory.support.AbstractAutowireCapableBeanFactory.initializeBean(AbstractAutowireCapableBeanFactory.java:1804)
	at org.springframework.beans.factory.support.AbstractAutowireCapableBeanFactory.doCreateBean(AbstractAutowireCapableBeanFactory.java:620)
	at org.springframework.beans.factory.support.AbstractAutowireCapableBeanFactory.createBean(AbstractAutowireCapableBeanFactory.java:542)
	at org.springframework.beans.factory.support.AbstractBeanFactory.lambda$doGetBean$0(AbstractBeanFactory.java:335)
	at org.springframework.beans.factory.support.DefaultSingletonBeanRegistry.getSingleton(DefaultSingletonBeanRegistry.java:234)
	at org.springframework.beans.factory.support.AbstractBeanFactory.doGetBean(AbstractBeanFactory.java:333)
	at org.springframework.beans.factory.support.AbstractBeanFactory.getBean(AbstractBeanFactory.java:208)
	at org.springframework.context.support.AbstractApplicationContext.getBean(AbstractApplicationContext.java:1154)
	at org.springframework.context.support.AbstractApplicationContext.finishBeanFactoryInitialization(AbstractApplicationContext.java:908)
	at org.springframework.context.support.AbstractApplicationContext.refresh(AbstractApplicationContext.java:583)
	at org.springframework.boot.web.servlet.context.ServletWebServerApplicationContext.refresh(ServletWebServerApplicationContext.java:147)
	at org.springframework.boot.SpringApplication.refresh(SpringApplication.java:734)
	at org.springframework.boot.SpringApplication.refreshContext(SpringApplication.java:408)
	at org.springframework.boot.SpringApplication.run(SpringApplication.java:308)
	at org.springframework.boot.SpringApplication.run(SpringApplication.java:1306)
	at org.springframework.boot.SpringApplication.run(SpringApplication.java:1295)
	at com.example.NykaaAppAPI.NykaaAppApiApplication.main(NykaaAppApiApplication.java:11)
Caused by: org.hibernate.AnnotationException: mappedBy reference an unknown target entity property: com.example.NykaaAppAPI.model.Cart.product in com.example.NykaaAppAPI.model.Product.carts
	at org.hibernate.cfg.annotations.CollectionBinder.bindStarToManySecondPass(CollectionBinder.java:875)
	at org.hibernate.cfg.annotations.CollectionBinder$1.secondPass(CollectionBinder.java:826)
	at org.hibernate.cfg.CollectionSecondPass.doSecondPass(CollectionSecondPass.java:54)
	at org.hibernate.boot.internal.InFlightMetadataCollectorImpl.processSecondPasses(InFlightMetadataCollectorImpl.java:1653)
	at org.hibernate.boot.internal.InFlightMetadataCollectorImpl.processSecondPasses(InFlightMetadataCollectorImpl.java:1629)
	at org.hibernate.boot.model.process.spi.MetadataBuildingProcess.complete(MetadataBuildingProcess.java:295)
	at org.hibernate.jpa.boot.internal.EntityManagerFactoryBuilderImpl.metadata(EntityManagerFactoryBuilderImpl.java:1460)
	at org.hibernate.jpa.boot.internal.EntityManagerFactoryBuilderImpl.build(EntityManagerFactoryBuilderImpl.java:1494)
	at org.springframework.orm.jpa.vendor.SpringHibernateJpaPersistenceProvider.createContainerEntityManagerFactory(SpringHibernateJpaPersistenceProvider.java:58)
	at org.springframework.orm.jpa.LocalContainerEntityManagerFactoryBean.createNativeEntityManagerFactory(LocalContainerEntityManagerFactoryBean.java:365)
	at org.springframework.orm.jpa.AbstractEntityManagerFactoryBean.buildNativeEntityManagerFactory(AbstractEntityManagerFactoryBean.java:409)
	at org.springframework.orm.jpa.AbstractEntityManagerFactoryBean.afterPropertiesSet(AbstractEntityManagerFactoryBean.java:396)
	at org.springframework.orm.jpa.LocalContainerEntityManagerFactoryBean.afterPropertiesSet(LocalContainerEntityManagerFactoryBean.java:341)
	at org.springframework.beans.factory.support.AbstractAutowireCapableBeanFactory.invokeInitMethods(AbstractAutowireCapableBeanFactory.java:1863)
	at org.springframework.beans.factory.support.AbstractAutowireCapableBeanFactory.initializeBean(AbstractAutowireCapableBeanFactory.java:1800)
	... 16 common frames omitted
2022-09-13 19:14:11 - INFO - Starting NykaaAppApiApplication using Java 18.0.2 on DELL-66F8DL3 with PID 8308 (D:\project\NykaaApp-API\target\classes started by Administrator in D:\project\NykaaApp-API)
2022-09-13 19:14:11 - INFO - No active profile set, falling back to 1 default profile: "default"
2022-09-13 19:14:12 - INFO - Starting service [Tomcat]
2022-09-13 19:14:12 - INFO - Starting Servlet engine: [Apache Tomcat/9.0.65]
2022-09-13 19:14:12 - INFO - Initializing Spring embedded WebApplicationContext
2022-09-13 19:14:12 - INFO - HHH000204: Processing PersistenceUnitInfo [name: default]
2022-09-13 19:14:12 - INFO - HHH000412: Hibernate ORM core version 5.6.10.Final
2022-09-13 19:14:12 - INFO - HCANN000001: Hibernate Commons Annotations {5.1.2.Final}
2022-09-13 19:14:12 - INFO - HikariPool-1 - Starting...
2022-09-13 19:14:12 - INFO - HikariPool-1 - Start completed.
2022-09-13 19:14:12 - INFO - HHH000400: Using dialect: org.hibernate.dialect.MySQL5InnoDBDialect
2022-09-13 19:14:12 - ERROR - Failed to initialize JPA EntityManagerFactory: mappedBy reference an unknown target entity property: com.example.NykaaAppAPI.model.Cart.product in com.example.NykaaAppAPI.model.Product.carts
2022-09-13 19:14:12 - INFO - HikariPool-1 - Shutdown initiated...
2022-09-13 19:14:12 - INFO - HikariPool-1 - Shutdown completed.
2022-09-13 19:14:12 - INFO - Stopping service [Tomcat]
2022-09-13 19:14:13 - ERROR - Application run failed
org.springframework.beans.factory.BeanCreationException: Error creating bean with name 'entityManagerFactory' defined in class path resource [org/springframework/boot/autoconfigure/orm/jpa/HibernateJpaConfiguration.class]: Invocation of init method failed; nested exception is org.hibernate.AnnotationException: mappedBy reference an unknown target entity property: com.example.NykaaAppAPI.model.Cart.product in com.example.NykaaAppAPI.model.Product.carts
	at org.springframework.beans.factory.support.AbstractAutowireCapableBeanFactory.initializeBean(AbstractAutowireCapableBeanFactory.java:1804)
	at org.springframework.beans.factory.support.AbstractAutowireCapableBeanFactory.doCreateBean(AbstractAutowireCapableBeanFactory.java:620)
	at org.springframework.beans.factory.support.AbstractAutowireCapableBeanFactory.createBean(AbstractAutowireCapableBeanFactory.java:542)
	at org.springframework.beans.factory.support.AbstractBeanFactory.lambda$doGetBean$0(AbstractBeanFactory.java:335)
	at org.springframework.beans.factory.support.DefaultSingletonBeanRegistry.getSingleton(DefaultSingletonBeanRegistry.java:234)
	at org.springframework.beans.factory.support.AbstractBeanFactory.doGetBean(AbstractBeanFactory.java:333)
	at org.springframework.beans.factory.support.AbstractBeanFactory.getBean(AbstractBeanFactory.java:208)
	at org.springframework.context.support.AbstractApplicationContext.getBean(AbstractApplicationContext.java:1154)
	at org.springframework.context.support.AbstractApplicationContext.finishBeanFactoryInitialization(AbstractApplicationContext.java:908)
	at org.springframework.context.support.AbstractApplicationContext.refresh(AbstractApplicationContext.java:583)
	at org.springframework.boot.web.servlet.context.ServletWebServerApplicationContext.refresh(ServletWebServerApplicationContext.java:147)
	at org.springframework.boot.SpringApplication.refresh(SpringApplication.java:734)
	at org.springframework.boot.SpringApplication.refreshContext(SpringApplication.java:408)
	at org.springframework.boot.SpringApplication.run(SpringApplication.java:308)
	at org.springframework.boot.SpringApplication.run(SpringApplication.java:1306)
	at org.springframework.boot.SpringApplication.run(SpringApplication.java:1295)
	at com.example.NykaaAppAPI.NykaaAppApiApplication.main(NykaaAppApiApplication.java:11)
Caused by: org.hibernate.AnnotationException: mappedBy reference an unknown target entity property: com.example.NykaaAppAPI.model.Cart.product in com.example.NykaaAppAPI.model.Product.carts
	at org.hibernate.cfg.annotations.CollectionBinder.bindStarToManySecondPass(CollectionBinder.java:875)
	at org.hibernate.cfg.annotations.CollectionBinder$1.secondPass(CollectionBinder.java:826)
	at org.hibernate.cfg.CollectionSecondPass.doSecondPass(CollectionSecondPass.java:54)
	at org.hibernate.boot.internal.InFlightMetadataCollectorImpl.processSecondPasses(InFlightMetadataCollectorImpl.java:1653)
	at org.hibernate.boot.internal.InFlightMetadataCollectorImpl.processSecondPasses(InFlightMetadataCollectorImpl.java:1629)
	at org.hibernate.boot.model.process.spi.MetadataBuildingProcess.complete(MetadataBuildingProcess.java:295)
	at org.hibernate.jpa.boot.internal.EntityManagerFactoryBuilderImpl.metadata(EntityManagerFactoryBuilderImpl.java:1460)
	at org.hibernate.jpa.boot.internal.EntityManagerFactoryBuilderImpl.build(EntityManagerFactoryBuilderImpl.java:1494)
	at org.springframework.orm.jpa.vendor.SpringHibernateJpaPersistenceProvider.createContainerEntityManagerFactory(SpringHibernateJpaPersistenceProvider.java:58)
	at org.springframework.orm.jpa.LocalContainerEntityManagerFactoryBean.createNativeEntityManagerFactory(LocalContainerEntityManagerFactoryBean.java:365)
	at org.springframework.orm.jpa.AbstractEntityManagerFactoryBean.buildNativeEntityManagerFactory(AbstractEntityManagerFactoryBean.java:409)
	at org.springframework.orm.jpa.AbstractEntityManagerFactoryBean.afterPropertiesSet(AbstractEntityManagerFactoryBean.java:396)
	at org.springframework.orm.jpa.LocalContainerEntityManagerFactoryBean.afterPropertiesSet(LocalContainerEntityManagerFactoryBean.java:341)
	at org.springframework.beans.factory.support.AbstractAutowireCapableBeanFactory.invokeInitMethods(AbstractAutowireCapableBeanFactory.java:1863)
	at org.springframework.beans.factory.support.AbstractAutowireCapableBeanFactory.initializeBean(AbstractAutowireCapableBeanFactory.java:1800)
	... 16 common frames omitted
2022-09-13 19:14:19 - INFO - Starting NykaaAppApiApplication using Java 18.0.2 on DELL-66F8DL3 with PID 12996 (D:\project\NykaaApp-API\target\classes started by Administrator in D:\project\NykaaApp-API)
2022-09-13 19:14:19 - INFO - No active profile set, falling back to 1 default profile: "default"
2022-09-13 19:14:21 - INFO - Starting service [Tomcat]
2022-09-13 19:14:21 - INFO - Starting Servlet engine: [Apache Tomcat/9.0.65]
2022-09-13 19:14:21 - INFO - Initializing Spring embedded WebApplicationContext
2022-09-13 19:14:21 - INFO - HHH000204: Processing PersistenceUnitInfo [name: default]
2022-09-13 19:14:21 - INFO - HHH000412: Hibernate ORM core version 5.6.10.Final
2022-09-13 19:14:21 - INFO - HCANN000001: Hibernate Commons Annotations {5.1.2.Final}
2022-09-13 19:14:21 - INFO - HikariPool-1 - Starting...
2022-09-13 19:14:21 - INFO - HikariPool-1 - Start completed.
2022-09-13 19:14:21 - INFO - HHH000400: Using dialect: org.hibernate.dialect.MySQL5InnoDBDialect
2022-09-13 19:14:21 - ERROR - Failed to initialize JPA EntityManagerFactory: mappedBy reference an unknown target entity property: com.example.NykaaAppAPI.model.Cart.product in com.example.NykaaAppAPI.model.Product.carts
2022-09-13 19:14:21 - INFO - HikariPool-1 - Shutdown initiated...
2022-09-13 19:14:21 - INFO - HikariPool-1 - Shutdown completed.
2022-09-13 19:14:21 - INFO - Stopping service [Tomcat]
2022-09-13 19:14:21 - ERROR - Application run failed
org.springframework.beans.factory.BeanCreationException: Error creating bean with name 'entityManagerFactory' defined in class path resource [org/springframework/boot/autoconfigure/orm/jpa/HibernateJpaConfiguration.class]: Invocation of init method failed; nested exception is org.hibernate.AnnotationException: mappedBy reference an unknown target entity property: com.example.NykaaAppAPI.model.Cart.product in com.example.NykaaAppAPI.model.Product.carts
	at org.springframework.beans.factory.support.AbstractAutowireCapableBeanFactory.initializeBean(AbstractAutowireCapableBeanFactory.java:1804)
	at org.springframework.beans.factory.support.AbstractAutowireCapableBeanFactory.doCreateBean(AbstractAutowireCapableBeanFactory.java:620)
	at org.springframework.beans.factory.support.AbstractAutowireCapableBeanFactory.createBean(AbstractAutowireCapableBeanFactory.java:542)
	at org.springframework.beans.factory.support.AbstractBeanFactory.lambda$doGetBean$0(AbstractBeanFactory.java:335)
	at org.springframework.beans.factory.support.DefaultSingletonBeanRegistry.getSingleton(DefaultSingletonBeanRegistry.java:234)
	at org.springframework.beans.factory.support.AbstractBeanFactory.doGetBean(AbstractBeanFactory.java:333)
	at org.springframework.beans.factory.support.AbstractBeanFactory.getBean(AbstractBeanFactory.java:208)
	at org.springframework.context.support.AbstractApplicationContext.getBean(AbstractApplicationContext.java:1154)
	at org.springframework.context.support.AbstractApplicationContext.finishBeanFactoryInitialization(AbstractApplicationContext.java:908)
	at org.springframework.context.support.AbstractApplicationContext.refresh(AbstractApplicationContext.java:583)
	at org.springframework.boot.web.servlet.context.ServletWebServerApplicationContext.refresh(ServletWebServerApplicationContext.java:147)
	at org.springframework.boot.SpringApplication.refresh(SpringApplication.java:734)
	at org.springframework.boot.SpringApplication.refreshContext(SpringApplication.java:408)
	at org.springframework.boot.SpringApplication.run(SpringApplication.java:308)
	at org.springframework.boot.SpringApplication.run(SpringApplication.java:1306)
	at org.springframework.boot.SpringApplication.run(SpringApplication.java:1295)
	at com.example.NykaaAppAPI.NykaaAppApiApplication.main(NykaaAppApiApplication.java:11)
Caused by: org.hibernate.AnnotationException: mappedBy reference an unknown target entity property: com.example.NykaaAppAPI.model.Cart.product in com.example.NykaaAppAPI.model.Product.carts
	at org.hibernate.cfg.annotations.CollectionBinder.bindStarToManySecondPass(CollectionBinder.java:875)
	at org.hibernate.cfg.annotations.CollectionBinder$1.secondPass(CollectionBinder.java:826)
	at org.hibernate.cfg.CollectionSecondPass.doSecondPass(CollectionSecondPass.java:54)
	at org.hibernate.boot.internal.InFlightMetadataCollectorImpl.processSecondPasses(InFlightMetadataCollectorImpl.java:1653)
	at org.hibernate.boot.internal.InFlightMetadataCollectorImpl.processSecondPasses(InFlightMetadataCollectorImpl.java:1629)
	at org.hibernate.boot.model.process.spi.MetadataBuildingProcess.complete(MetadataBuildingProcess.java:295)
	at org.hibernate.jpa.boot.internal.EntityManagerFactoryBuilderImpl.metadata(EntityManagerFactoryBuilderImpl.java:1460)
	at org.hibernate.jpa.boot.internal.EntityManagerFactoryBuilderImpl.build(EntityManagerFactoryBuilderImpl.java:1494)
	at org.springframework.orm.jpa.vendor.SpringHibernateJpaPersistenceProvider.createContainerEntityManagerFactory(SpringHibernateJpaPersistenceProvider.java:58)
	at org.springframework.orm.jpa.LocalContainerEntityManagerFactoryBean.createNativeEntityManagerFactory(LocalContainerEntityManagerFactoryBean.java:365)
	at org.springframework.orm.jpa.AbstractEntityManagerFactoryBean.buildNativeEntityManagerFactory(AbstractEntityManagerFactoryBean.java:409)
	at org.springframework.orm.jpa.AbstractEntityManagerFactoryBean.afterPropertiesSet(AbstractEntityManagerFactoryBean.java:396)
	at org.springframework.orm.jpa.LocalContainerEntityManagerFactoryBean.afterPropertiesSet(LocalContainerEntityManagerFactoryBean.java:341)
	at org.springframework.beans.factory.support.AbstractAutowireCapableBeanFactory.invokeInitMethods(AbstractAutowireCapableBeanFactory.java:1863)
	at org.springframework.beans.factory.support.AbstractAutowireCapableBeanFactory.initializeBean(AbstractAutowireCapableBeanFactory.java:1800)
	... 16 common frames omitted
2022-09-13 19:23:21 - INFO - Starting NykaaAppApiApplication using Java 18.0.2 on DELL-66F8DL3 with PID 11100 (D:\project\NykaaApp-API\target\classes started by Administrator in D:\project\NykaaApp-API)
2022-09-13 19:23:21 - INFO - No active profile set, falling back to 1 default profile: "default"
2022-09-13 19:23:22 - INFO - Starting service [Tomcat]
2022-09-13 19:23:22 - INFO - Starting Servlet engine: [Apache Tomcat/9.0.65]
2022-09-13 19:23:22 - INFO - Initializing Spring embedded WebApplicationContext
2022-09-13 19:23:23 - INFO - HHH000204: Processing PersistenceUnitInfo [name: default]
2022-09-13 19:23:23 - INFO - HHH000412: Hibernate ORM core version 5.6.10.Final
2022-09-13 19:23:23 - INFO - HCANN000001: Hibernate Commons Annotations {5.1.2.Final}
2022-09-13 19:23:23 - INFO - HikariPool-1 - Starting...
2022-09-13 19:23:23 - INFO - HikariPool-1 - Start completed.
2022-09-13 19:23:23 - INFO - HHH000400: Using dialect: org.hibernate.dialect.MySQL5InnoDBDialect
2022-09-13 19:23:23 - ERROR - Failed to initialize JPA EntityManagerFactory: Illegal attempt to map a non collection as a @OneToMany, @ManyToMany or @CollectionOfElements: com.example.NykaaAppAPI.model.NykaaUser.cart
2022-09-13 19:23:23 - INFO - HikariPool-1 - Shutdown initiated...
2022-09-13 19:23:23 - INFO - HikariPool-1 - Shutdown completed.
2022-09-13 19:23:23 - INFO - Stopping service [Tomcat]
2022-09-13 19:23:23 - ERROR - Application run failed
org.springframework.beans.factory.BeanCreationException: Error creating bean with name 'entityManagerFactory' defined in class path resource [org/springframework/boot/autoconfigure/orm/jpa/HibernateJpaConfiguration.class]: Invocation of init method failed; nested exception is org.hibernate.AnnotationException: Illegal attempt to map a non collection as a @OneToMany, @ManyToMany or @CollectionOfElements: com.example.NykaaAppAPI.model.NykaaUser.cart
	at org.springframework.beans.factory.support.AbstractAutowireCapableBeanFactory.initializeBean(AbstractAutowireCapableBeanFactory.java:1804)
	at org.springframework.beans.factory.support.AbstractAutowireCapableBeanFactory.doCreateBean(AbstractAutowireCapableBeanFactory.java:620)
	at org.springframework.beans.factory.support.AbstractAutowireCapableBeanFactory.createBean(AbstractAutowireCapableBeanFactory.java:542)
	at org.springframework.beans.factory.support.AbstractBeanFactory.lambda$doGetBean$0(AbstractBeanFactory.java:335)
	at org.springframework.beans.factory.support.DefaultSingletonBeanRegistry.getSingleton(DefaultSingletonBeanRegistry.java:234)
	at org.springframework.beans.factory.support.AbstractBeanFactory.doGetBean(AbstractBeanFactory.java:333)
	at org.springframework.beans.factory.support.AbstractBeanFactory.getBean(AbstractBeanFactory.java:208)
	at org.springframework.context.support.AbstractApplicationContext.getBean(AbstractApplicationContext.java:1154)
	at org.springframework.context.support.AbstractApplicationContext.finishBeanFactoryInitialization(AbstractApplicationContext.java:908)
	at org.springframework.context.support.AbstractApplicationContext.refresh(AbstractApplicationContext.java:583)
	at org.springframework.boot.web.servlet.context.ServletWebServerApplicationContext.refresh(ServletWebServerApplicationContext.java:147)
	at org.springframework.boot.SpringApplication.refresh(SpringApplication.java:734)
	at org.springframework.boot.SpringApplication.refreshContext(SpringApplication.java:408)
	at org.springframework.boot.SpringApplication.run(SpringApplication.java:308)
	at org.springframework.boot.SpringApplication.run(SpringApplication.java:1306)
	at org.springframework.boot.SpringApplication.run(SpringApplication.java:1295)
	at com.example.NykaaAppAPI.NykaaAppApiApplication.main(NykaaAppApiApplication.java:11)
Caused by: org.hibernate.AnnotationException: Illegal attempt to map a non collection as a @OneToMany, @ManyToMany or @CollectionOfElements: com.example.NykaaAppAPI.model.NykaaUser.cart
	at org.hibernate.cfg.annotations.CollectionBinder.getCollectionBinder(CollectionBinder.java:325)
	at org.hibernate.cfg.AnnotationBinder.processElementAnnotations(AnnotationBinder.java:1977)
	at org.hibernate.cfg.AnnotationBinder.processIdPropertiesIfNotAlready(AnnotationBinder.java:968)
	at org.hibernate.cfg.AnnotationBinder.bindClass(AnnotationBinder.java:793)
	at org.hibernate.boot.model.source.internal.annotations.AnnotationMetadataSourceProcessorImpl.processEntityHierarchies(AnnotationMetadataSourceProcessorImpl.java:225)
	at org.hibernate.boot.model.process.spi.MetadataBuildingProcess$1.processEntityHierarchies(MetadataBuildingProcess.java:239)
	at org.hibernate.boot.model.process.spi.MetadataBuildingProcess.complete(MetadataBuildingProcess.java:282)
	at org.hibernate.jpa.boot.internal.EntityManagerFactoryBuilderImpl.metadata(EntityManagerFactoryBuilderImpl.java:1460)
	at org.hibernate.jpa.boot.internal.EntityManagerFactoryBuilderImpl.build(EntityManagerFactoryBuilderImpl.java:1494)
	at org.springframework.orm.jpa.vendor.SpringHibernateJpaPersistenceProvider.createContainerEntityManagerFactory(SpringHibernateJpaPersistenceProvider.java:58)
	at org.springframework.orm.jpa.LocalContainerEntityManagerFactoryBean.createNativeEntityManagerFactory(LocalContainerEntityManagerFactoryBean.java:365)
	at org.springframework.orm.jpa.AbstractEntityManagerFactoryBean.buildNativeEntityManagerFactory(AbstractEntityManagerFactoryBean.java:409)
	at org.springframework.orm.jpa.AbstractEntityManagerFactoryBean.afterPropertiesSet(AbstractEntityManagerFactoryBean.java:396)
	at org.springframework.orm.jpa.LocalContainerEntityManagerFactoryBean.afterPropertiesSet(LocalContainerEntityManagerFactoryBean.java:341)
	at org.springframework.beans.factory.support.AbstractAutowireCapableBeanFactory.invokeInitMethods(AbstractAutowireCapableBeanFactory.java:1863)
	at org.springframework.beans.factory.support.AbstractAutowireCapableBeanFactory.initializeBean(AbstractAutowireCapableBeanFactory.java:1800)
	... 16 common frames omitted
2022-09-13 19:25:33 - INFO - Starting NykaaAppApiApplication using Java 18.0.2 on DELL-66F8DL3 with PID 15900 (D:\project\NykaaApp-API\target\classes started by Administrator in D:\project\NykaaApp-API)
2022-09-13 19:25:33 - INFO - No active profile set, falling back to 1 default profile: "default"
2022-09-13 19:25:35 - INFO - Starting service [Tomcat]
2022-09-13 19:25:35 - INFO - Starting Servlet engine: [Apache Tomcat/9.0.65]
2022-09-13 19:25:35 - INFO - Initializing Spring embedded WebApplicationContext
2022-09-13 19:25:35 - INFO - HHH000204: Processing PersistenceUnitInfo [name: default]
2022-09-13 19:25:35 - INFO - HHH000412: Hibernate ORM core version 5.6.10.Final
2022-09-13 19:25:35 - INFO - HCANN000001: Hibernate Commons Annotations {5.1.2.Final}
2022-09-13 19:25:35 - INFO - HikariPool-1 - Starting...
2022-09-13 19:25:35 - INFO - HikariPool-1 - Start completed.
2022-09-13 19:25:35 - INFO - HHH000400: Using dialect: org.hibernate.dialect.MySQL5InnoDBDialect
2022-09-13 19:25:35 - ERROR - Failed to initialize JPA EntityManagerFactory: Illegal attempt to map a non collection as a @OneToMany, @ManyToMany or @CollectionOfElements: com.example.NykaaAppAPI.model.NykaaUser.cart
2022-09-13 19:25:35 - INFO - HikariPool-1 - Shutdown initiated...
2022-09-13 19:25:35 - INFO - HikariPool-1 - Shutdown completed.
2022-09-13 19:25:35 - INFO - Stopping service [Tomcat]
2022-09-13 19:25:35 - ERROR - Application run failed
org.springframework.beans.factory.BeanCreationException: Error creating bean with name 'entityManagerFactory' defined in class path resource [org/springframework/boot/autoconfigure/orm/jpa/HibernateJpaConfiguration.class]: Invocation of init method failed; nested exception is org.hibernate.AnnotationException: Illegal attempt to map a non collection as a @OneToMany, @ManyToMany or @CollectionOfElements: com.example.NykaaAppAPI.model.NykaaUser.cart
	at org.springframework.beans.factory.support.AbstractAutowireCapableBeanFactory.initializeBean(AbstractAutowireCapableBeanFactory.java:1804)
	at org.springframework.beans.factory.support.AbstractAutowireCapableBeanFactory.doCreateBean(AbstractAutowireCapableBeanFactory.java:620)
	at org.springframework.beans.factory.support.AbstractAutowireCapableBeanFactory.createBean(AbstractAutowireCapableBeanFactory.java:542)
	at org.springframework.beans.factory.support.AbstractBeanFactory.lambda$doGetBean$0(AbstractBeanFactory.java:335)
	at org.springframework.beans.factory.support.DefaultSingletonBeanRegistry.getSingleton(DefaultSingletonBeanRegistry.java:234)
	at org.springframework.beans.factory.support.AbstractBeanFactory.doGetBean(AbstractBeanFactory.java:333)
	at org.springframework.beans.factory.support.AbstractBeanFactory.getBean(AbstractBeanFactory.java:208)
	at org.springframework.context.support.AbstractApplicationContext.getBean(AbstractApplicationContext.java:1154)
	at org.springframework.context.support.AbstractApplicationContext.finishBeanFactoryInitialization(AbstractApplicationContext.java:908)
	at org.springframework.context.support.AbstractApplicationContext.refresh(AbstractApplicationContext.java:583)
	at org.springframework.boot.web.servlet.context.ServletWebServerApplicationContext.refresh(ServletWebServerApplicationContext.java:147)
	at org.springframework.boot.SpringApplication.refresh(SpringApplication.java:734)
	at org.springframework.boot.SpringApplication.refreshContext(SpringApplication.java:408)
	at org.springframework.boot.SpringApplication.run(SpringApplication.java:308)
	at org.springframework.boot.SpringApplication.run(SpringApplication.java:1306)
	at org.springframework.boot.SpringApplication.run(SpringApplication.java:1295)
	at com.example.NykaaAppAPI.NykaaAppApiApplication.main(NykaaAppApiApplication.java:11)
Caused by: org.hibernate.AnnotationException: Illegal attempt to map a non collection as a @OneToMany, @ManyToMany or @CollectionOfElements: com.example.NykaaAppAPI.model.NykaaUser.cart
	at org.hibernate.cfg.annotations.CollectionBinder.getCollectionBinder(CollectionBinder.java:325)
	at org.hibernate.cfg.AnnotationBinder.processElementAnnotations(AnnotationBinder.java:1977)
	at org.hibernate.cfg.AnnotationBinder.processIdPropertiesIfNotAlready(AnnotationBinder.java:968)
	at org.hibernate.cfg.AnnotationBinder.bindClass(AnnotationBinder.java:793)
	at org.hibernate.boot.model.source.internal.annotations.AnnotationMetadataSourceProcessorImpl.processEntityHierarchies(AnnotationMetadataSourceProcessorImpl.java:225)
	at org.hibernate.boot.model.process.spi.MetadataBuildingProcess$1.processEntityHierarchies(MetadataBuildingProcess.java:239)
	at org.hibernate.boot.model.process.spi.MetadataBuildingProcess.complete(MetadataBuildingProcess.java:282)
	at org.hibernate.jpa.boot.internal.EntityManagerFactoryBuilderImpl.metadata(EntityManagerFactoryBuilderImpl.java:1460)
	at org.hibernate.jpa.boot.internal.EntityManagerFactoryBuilderImpl.build(EntityManagerFactoryBuilderImpl.java:1494)
	at org.springframework.orm.jpa.vendor.SpringHibernateJpaPersistenceProvider.createContainerEntityManagerFactory(SpringHibernateJpaPersistenceProvider.java:58)
	at org.springframework.orm.jpa.LocalContainerEntityManagerFactoryBean.createNativeEntityManagerFactory(LocalContainerEntityManagerFactoryBean.java:365)
	at org.springframework.orm.jpa.AbstractEntityManagerFactoryBean.buildNativeEntityManagerFactory(AbstractEntityManagerFactoryBean.java:409)
	at org.springframework.orm.jpa.AbstractEntityManagerFactoryBean.afterPropertiesSet(AbstractEntityManagerFactoryBean.java:396)
	at org.springframework.orm.jpa.LocalContainerEntityManagerFactoryBean.afterPropertiesSet(LocalContainerEntityManagerFactoryBean.java:341)
	at org.springframework.beans.factory.support.AbstractAutowireCapableBeanFactory.invokeInitMethods(AbstractAutowireCapableBeanFactory.java:1863)
	at org.springframework.beans.factory.support.AbstractAutowireCapableBeanFactory.initializeBean(AbstractAutowireCapableBeanFactory.java:1800)
	... 16 common frames omitted
2022-09-13 19:35:17 - INFO - Starting NykaaAppApiApplication using Java 18.0.2 on DELL-66F8DL3 with PID 12180 (D:\project\NykaaApp-API\target\classes started by Administrator in D:\project\NykaaApp-API)
2022-09-13 19:35:17 - INFO - No active profile set, falling back to 1 default profile: "default"
2022-09-13 19:35:18 - INFO - Starting service [Tomcat]
2022-09-13 19:35:18 - INFO - Starting Servlet engine: [Apache Tomcat/9.0.65]
2022-09-13 19:35:18 - INFO - Initializing Spring embedded WebApplicationContext
2022-09-13 19:35:18 - INFO - HHH000204: Processing PersistenceUnitInfo [name: default]
2022-09-13 19:35:19 - INFO - HHH000412: Hibernate ORM core version 5.6.10.Final
2022-09-13 19:35:19 - INFO - HCANN000001: Hibernate Commons Annotations {5.1.2.Final}
2022-09-13 19:35:19 - INFO - HikariPool-1 - Starting...
2022-09-13 19:35:19 - INFO - HikariPool-1 - Start completed.
2022-09-13 19:35:19 - INFO - HHH000400: Using dialect: org.hibernate.dialect.MySQL5InnoDBDialect
2022-09-13 19:35:19 - ERROR - Failed to initialize JPA EntityManagerFactory: Illegal attempt to map a non collection as a @OneToMany, @ManyToMany or @CollectionOfElements: com.example.NykaaAppAPI.model.NykaaUser.cart
2022-09-13 19:35:19 - INFO - HikariPool-1 - Shutdown initiated...
2022-09-13 19:35:19 - INFO - HikariPool-1 - Shutdown completed.
2022-09-13 19:35:19 - INFO - Stopping service [Tomcat]
2022-09-13 19:35:19 - ERROR - Application run failed
org.springframework.beans.factory.BeanCreationException: Error creating bean with name 'entityManagerFactory' defined in class path resource [org/springframework/boot/autoconfigure/orm/jpa/HibernateJpaConfiguration.class]: Invocation of init method failed; nested exception is org.hibernate.AnnotationException: Illegal attempt to map a non collection as a @OneToMany, @ManyToMany or @CollectionOfElements: com.example.NykaaAppAPI.model.NykaaUser.cart
	at org.springframework.beans.factory.support.AbstractAutowireCapableBeanFactory.initializeBean(AbstractAutowireCapableBeanFactory.java:1804)
	at org.springframework.beans.factory.support.AbstractAutowireCapableBeanFactory.doCreateBean(AbstractAutowireCapableBeanFactory.java:620)
	at org.springframework.beans.factory.support.AbstractAutowireCapableBeanFactory.createBean(AbstractAutowireCapableBeanFactory.java:542)
	at org.springframework.beans.factory.support.AbstractBeanFactory.lambda$doGetBean$0(AbstractBeanFactory.java:335)
	at org.springframework.beans.factory.support.DefaultSingletonBeanRegistry.getSingleton(DefaultSingletonBeanRegistry.java:234)
	at org.springframework.beans.factory.support.AbstractBeanFactory.doGetBean(AbstractBeanFactory.java:333)
	at org.springframework.beans.factory.support.AbstractBeanFactory.getBean(AbstractBeanFactory.java:208)
	at org.springframework.context.support.AbstractApplicationContext.getBean(AbstractApplicationContext.java:1154)
	at org.springframework.context.support.AbstractApplicationContext.finishBeanFactoryInitialization(AbstractApplicationContext.java:908)
	at org.springframework.context.support.AbstractApplicationContext.refresh(AbstractApplicationContext.java:583)
	at org.springframework.boot.web.servlet.context.ServletWebServerApplicationContext.refresh(ServletWebServerApplicationContext.java:147)
	at org.springframework.boot.SpringApplication.refresh(SpringApplication.java:734)
	at org.springframework.boot.SpringApplication.refreshContext(SpringApplication.java:408)
	at org.springframework.boot.SpringApplication.run(SpringApplication.java:308)
	at org.springframework.boot.SpringApplication.run(SpringApplication.java:1306)
	at org.springframework.boot.SpringApplication.run(SpringApplication.java:1295)
	at com.example.NykaaAppAPI.NykaaAppApiApplication.main(NykaaAppApiApplication.java:11)
Caused by: org.hibernate.AnnotationException: Illegal attempt to map a non collection as a @OneToMany, @ManyToMany or @CollectionOfElements: com.example.NykaaAppAPI.model.NykaaUser.cart
	at org.hibernate.cfg.annotations.CollectionBinder.getCollectionBinder(CollectionBinder.java:325)
	at org.hibernate.cfg.AnnotationBinder.processElementAnnotations(AnnotationBinder.java:1977)
	at org.hibernate.cfg.AnnotationBinder.processIdPropertiesIfNotAlready(AnnotationBinder.java:968)
	at org.hibernate.cfg.AnnotationBinder.bindClass(AnnotationBinder.java:793)
	at org.hibernate.boot.model.source.internal.annotations.AnnotationMetadataSourceProcessorImpl.processEntityHierarchies(AnnotationMetadataSourceProcessorImpl.java:225)
	at org.hibernate.boot.model.process.spi.MetadataBuildingProcess$1.processEntityHierarchies(MetadataBuildingProcess.java:239)
	at org.hibernate.boot.model.process.spi.MetadataBuildingProcess.complete(MetadataBuildingProcess.java:282)
	at org.hibernate.jpa.boot.internal.EntityManagerFactoryBuilderImpl.metadata(EntityManagerFactoryBuilderImpl.java:1460)
	at org.hibernate.jpa.boot.internal.EntityManagerFactoryBuilderImpl.build(EntityManagerFactoryBuilderImpl.java:1494)
	at org.springframework.orm.jpa.vendor.SpringHibernateJpaPersistenceProvider.createContainerEntityManagerFactory(SpringHibernateJpaPersistenceProvider.java:58)
	at org.springframework.orm.jpa.LocalContainerEntityManagerFactoryBean.createNativeEntityManagerFactory(LocalContainerEntityManagerFactoryBean.java:365)
	at org.springframework.orm.jpa.AbstractEntityManagerFactoryBean.buildNativeEntityManagerFactory(AbstractEntityManagerFactoryBean.java:409)
	at org.springframework.orm.jpa.AbstractEntityManagerFactoryBean.afterPropertiesSet(AbstractEntityManagerFactoryBean.java:396)
	at org.springframework.orm.jpa.LocalContainerEntityManagerFactoryBean.afterPropertiesSet(LocalContainerEntityManagerFactoryBean.java:341)
	at org.springframework.beans.factory.support.AbstractAutowireCapableBeanFactory.invokeInitMethods(AbstractAutowireCapableBeanFactory.java:1863)
	at org.springframework.beans.factory.support.AbstractAutowireCapableBeanFactory.initializeBean(AbstractAutowireCapableBeanFactory.java:1800)
	... 16 common frames omitted
